TN:
SF:src/content-script.ts
FN:28,eventListeners
FN:36,showCounter
FN:45,hideCounter
FN:50,checkTarget
FN:65,countChar
FNF:5
FNH:2
FNDA:0,eventListeners
FNDA:0,showCounter
FNDA:0,hideCounter
FNDA:6,checkTarget
FNDA:5,countChar
DA:1,1
DA:2,1
DA:3,1
DA:4,1
DA:5,1
DA:6,0
DA:7,0
DA:8,1
DA:9,1
DA:10,1
DA:11,1
DA:12,1
DA:13,1
DA:14,1
DA:15,0
DA:16,0
DA:17,1
DA:18,1
DA:19,1
DA:20,1
DA:21,1
DA:22,1
DA:23,1
DA:24,1
DA:25,1
DA:26,1
DA:27,1
DA:28,0
DA:29,0
DA:30,0
DA:31,0
DA:32,0
DA:33,0
DA:34,1
DA:35,1
DA:36,0
DA:37,0
DA:38,0
DA:39,0
DA:40,0
DA:41,0
DA:42,0
DA:43,1
DA:44,1
DA:45,0
DA:46,0
DA:47,0
DA:48,1
DA:49,1
DA:50,6
DA:51,6
DA:52,6
DA:53,6
DA:54,6
DA:55,6
DA:56,6
DA:57,0
DA:58,0
DA:59,6
DA:60,6
DA:61,4
DA:62,4
DA:63,1
DA:64,1
DA:65,5
DA:66,5
DA:67,5
DA:68,1
DA:69,1
DA:70,1
DA:71,1
DA:72,1
DA:73,1
DA:74,1
DA:75,1
DA:76,1
DA:77,1
DA:78,1
DA:79,1
DA:80,1
DA:81,1
DA:82,1
DA:83,1
DA:84,1
DA:85,1
DA:86,1
DA:87,1
DA:88,1
DA:89,1
DA:90,1
DA:91,1
DA:92,1
LF:92
LH:70
BRDA:5,0,0,0
BRDA:9,1,0,1
BRDA:11,2,0,0
BRDA:14,3,0,0
BRDA:50,4,0,6
BRDA:56,5,0,0
BRDA:59,6,0,1
BRDA:60,7,0,5
BRDA:60,8,0,2
BRDA:60,9,0,1
BRDA:61,10,0,4
BRDA:65,11,0,5
BRDA:66,12,0,0
BRF:13
BRH:8
end_of_record
